[2020-09-26 18:55:25] local.ERROR: ErrorException: file_put_contents(D:\www\zef_jm\storage\framework/sessions/9y1ZmUlB2S40qnnKahSc5U3Mhs8RD5PtKZUyyFuR): failed to open stream: No such file or directory in D:\www\laravel5.4\vendor\laravel\framework\src\Illuminate\Filesystem\Filesystem.php:122
Stack trace:
#0 [internal function]: Illuminate\Foundation\Bootstrap\HandleExceptions->handleError(2, 'file_put_conten...', 'D:\\www\\laravel5...', 122, Array)
#1 D:\www\laravel5.4\vendor\laravel\framework\src\Illuminate\Filesystem\Filesystem.php(122): file_put_contents('D:\\www\\zef_jm\\s...', 'a:3:{s:6:"_toke...', 2)
#2 D:\www\laravel5.4\vendor\laravel\framework\src\Illuminate\Session\FileSessionHandler.php(83): Illuminate\Filesystem\Filesystem->put('D:\\www\\zef_jm\\s...', 'a:3:{s:6:"_toke...', true)
#3 D:\www\laravel5.4\vendor\laravel\framework\src\Illuminate\Session\Store.php(128): Illuminate\Session\FileSessionHandler->write('9y1ZmUlB2S40qnn...', 'a:3:{s:6:"_toke...')
#4 D:\www\laravel5.4\vendor\laravel\framework\src\Illuminate\Session\Middleware\StartSession.php(88): Illuminate\Session\Store->save()
#5 D:\www\laravel5.4\vendor\laravel\framework\src\Illuminate\Foundation\Http\Kernel.php(216): Illuminate\Session\Middleware\StartSession->terminate(Object(Illuminate\Http\Request), Object(Illuminate\Http\Response))
#6 D:\www\laravel5.4\vendor\laravel\framework\src\Illuminate\Foundation\Http\Kernel.php(187): Illuminate\Foundation\Http\Kernel->terminateMiddleware(Object(Illuminate\Http\Request), Object(Illuminate\Http\Response))
#7 D:\www\zef_jm\index.php(60): Illuminate\Foundation\Http\Kernel->terminate(Object(Illuminate\Http\Request), Object(Illuminate\Http\Response))
#8 {main}  
[2020-09-26 18:55:31] local.ERROR: ErrorException: file_put_contents(D:\www\zef_jm\storage\framework/sessions/9y1ZmUlB2S40qnnKahSc5U3Mhs8RD5PtKZUyyFuR): failed to open stream: No such file or directory in D:\www\laravel5.4\vendor\laravel\framework\src\Illuminate\Filesystem\Filesystem.php:122
Stack trace:
#0 [internal function]: Illuminate\Foundation\Bootstrap\HandleExceptions->handleError(2, 'file_put_conten...', 'D:\\www\\laravel5...', 122, Array)
#1 D:\www\laravel5.4\vendor\laravel\framework\src\Illuminate\Filesystem\Filesystem.php(122): file_put_contents('D:\\www\\zef_jm\\s...', 'a:3:{s:6:"_toke...', 2)
#2 D:\www\laravel5.4\vendor\laravel\framework\src\Illuminate\Session\FileSessionHandler.php(83): Illuminate\Filesystem\Filesystem->put('D:\\www\\zef_jm\\s...', 'a:3:{s:6:"_toke...', true)
#3 D:\www\laravel5.4\vendor\laravel\framework\src\Illuminate\Session\Store.php(128): Illuminate\Session\FileSessionHandler->write('9y1ZmUlB2S40qnn...', 'a:3:{s:6:"_toke...')
#4 D:\www\laravel5.4\vendor\laravel\framework\src\Illuminate\Session\Middleware\StartSession.php(88): Illuminate\Session\Store->save()
#5 D:\www\laravel5.4\vendor\laravel\framework\src\Illuminate\Foundation\Http\Kernel.php(216): Illuminate\Session\Middleware\StartSession->terminate(Object(Illuminate\Http\Request), Object(Illuminate\Http\Response))
#6 D:\www\laravel5.4\vendor\laravel\framework\src\Illuminate\Foundation\Http\Kernel.php(187): Illuminate\Foundation\Http\Kernel->terminateMiddleware(Object(Illuminate\Http\Request), Object(Illuminate\Http\Response))
#7 D:\www\zef_jm\index.php(60): Illuminate\Foundation\Http\Kernel->terminate(Object(Illuminate\Http\Request), Object(Illuminate\Http\Response))
#8 {main}  
[2020-09-26 18:56:44] local.ERROR: ErrorException: file_put_contents(D:\www\zef_jm\storage\framework/sessions/9y1ZmUlB2S40qnnKahSc5U3Mhs8RD5PtKZUyyFuR): failed to open stream: No such file or directory in D:\www\laravel5.4\vendor\laravel\framework\src\Illuminate\Filesystem\Filesystem.php:122
Stack trace:
#0 [internal function]: Illuminate\Foundation\Bootstrap\HandleExceptions->handleError(2, 'file_put_conten...', 'D:\\www\\laravel5...', 122, Array)
#1 D:\www\laravel5.4\vendor\laravel\framework\src\Illuminate\Filesystem\Filesystem.php(122): file_put_contents('D:\\www\\zef_jm\\s...', 'a:3:{s:6:"_toke...', 2)
#2 D:\www\laravel5.4\vendor\laravel\framework\src\Illuminate\Session\FileSessionHandler.php(83): Illuminate\Filesystem\Filesystem->put('D:\\www\\zef_jm\\s...', 'a:3:{s:6:"_toke...', true)
#3 D:\www\laravel5.4\vendor\laravel\framework\src\Illuminate\Session\Store.php(128): Illuminate\Session\FileSessionHandler->write('9y1ZmUlB2S40qnn...', 'a:3:{s:6:"_toke...')
#4 D:\www\laravel5.4\vendor\laravel\framework\src\Illuminate\Session\Middleware\StartSession.php(88): Illuminate\Session\Store->save()
#5 D:\www\laravel5.4\vendor\laravel\framework\src\Illuminate\Foundation\Http\Kernel.php(216): Illuminate\Session\Middleware\StartSession->terminate(Object(Illuminate\Http\Request), Object(Illuminate\Http\Response))
#6 D:\www\laravel5.4\vendor\laravel\framework\src\Illuminate\Foundation\Http\Kernel.php(187): Illuminate\Foundation\Http\Kernel->terminateMiddleware(Object(Illuminate\Http\Request), Object(Illuminate\Http\Response))
#7 D:\www\zef_jm\index.php(60): Illuminate\Foundation\Http\Kernel->terminate(Object(Illuminate\Http\Request), Object(Illuminate\Http\Response))
#8 {main}  
[2020-09-26 18:57:51] local.ERROR: ErrorException: file_put_contents(D:\www\zef_jm\storage\framework/sessions/JDNdOA4kLdfYt1QUhDYewZNhtXt2o68xWcQi4YON): failed to open stream: No such file or directory in D:\www\laravel5.4\vendor\laravel\framework\src\Illuminate\Filesystem\Filesystem.php:122
Stack trace:
#0 [internal function]: Illuminate\Foundation\Bootstrap\HandleExceptions->handleError(2, 'file_put_conten...', 'D:\\www\\laravel5...', 122, Array)
#1 D:\www\laravel5.4\vendor\laravel\framework\src\Illuminate\Filesystem\Filesystem.php(122): file_put_contents('D:\\www\\zef_jm\\s...', 'a:3:{s:6:"_toke...', 2)
#2 D:\www\laravel5.4\vendor\laravel\framework\src\Illuminate\Session\FileSessionHandler.php(83): Illuminate\Filesystem\Filesystem->put('D:\\www\\zef_jm\\s...', 'a:3:{s:6:"_toke...', true)
#3 D:\www\laravel5.4\vendor\laravel\framework\src\Illuminate\Session\Store.php(128): Illuminate\Session\FileSessionHandler->write('JDNdOA4kLdfYt1Q...', 'a:3:{s:6:"_toke...')
#4 D:\www\laravel5.4\vendor\laravel\framework\src\Illuminate\Session\Middleware\StartSession.php(88): Illuminate\Session\Store->save()
#5 D:\www\laravel5.4\vendor\laravel\framework\src\Illuminate\Foundation\Http\Kernel.php(216): Illuminate\Session\Middleware\StartSession->terminate(Object(Illuminate\Http\Request), Object(Illuminate\Http\Response))
#6 D:\www\laravel5.4\vendor\laravel\framework\src\Illuminate\Foundation\Http\Kernel.php(187): Illuminate\Foundation\Http\Kernel->terminateMiddleware(Object(Illuminate\Http\Request), Object(Illuminate\Http\Response))
#7 D:\www\zef_jm\index.php(60): Illuminate\Foundation\Http\Kernel->terminate(Object(Illuminate\Http\Request), Object(Illuminate\Http\Response))
#8 {main}  
[2020-09-26 18:58:39] local.ERROR: ErrorException: file_put_contents(D:\www\zef_jm\storage\framework/sessions/JDNdOA4kLdfYt1QUhDYewZNhtXt2o68xWcQi4YON): failed to open stream: No such file or directory in D:\www\laravel5.4\vendor\laravel\framework\src\Illuminate\Filesystem\Filesystem.php:122
Stack trace:
#0 [internal function]: Illuminate\Foundation\Bootstrap\HandleExceptions->handleError(2, 'file_put_conten...', 'D:\\www\\laravel5...', 122, Array)
#1 D:\www\laravel5.4\vendor\laravel\framework\src\Illuminate\Filesystem\Filesystem.php(122): file_put_contents('D:\\www\\zef_jm\\s...', 'a:4:{s:6:"_toke...', 2)
#2 D:\www\laravel5.4\vendor\laravel\framework\src\Illuminate\Session\FileSessionHandler.php(83): Illuminate\Filesystem\Filesystem->put('D:\\www\\zef_jm\\s...', 'a:4:{s:6:"_toke...', true)
#3 D:\www\laravel5.4\vendor\laravel\framework\src\Illuminate\Session\Store.php(128): Illuminate\Session\FileSessionHandler->write('JDNdOA4kLdfYt1Q...', 'a:4:{s:6:"_toke...')
#4 D:\www\laravel5.4\vendor\laravel\framework\src\Illuminate\Session\Middleware\StartSession.php(88): Illuminate\Session\Store->save()
#5 D:\www\laravel5.4\vendor\laravel\framework\src\Illuminate\Foundation\Http\Kernel.php(216): Illuminate\Session\Middleware\StartSession->terminate(Object(Illuminate\Http\Request), Object(Illuminate\Http\RedirectResponse))
#6 D:\www\laravel5.4\vendor\laravel\framework\src\Illuminate\Foundation\Http\Kernel.php(187): Illuminate\Foundation\Http\Kernel->terminateMiddleware(Object(Illuminate\Http\Request), Object(Illuminate\Http\RedirectResponse))
#7 D:\www\zef_jm\index.php(60): Illuminate\Foundation\Http\Kernel->terminate(Object(Illuminate\Http\Request), Object(Illuminate\Http\RedirectResponse))
#8 {main}  
[2020-09-26 18:58:39] local.ERROR: ErrorException: file_put_contents(D:\www\zef_jm\storage\framework/sessions/JDNdOA4kLdfYt1QUhDYewZNhtXt2o68xWcQi4YON): failed to open stream: No such file or directory in D:\www\laravel5.4\vendor\laravel\framework\src\Illuminate\Filesystem\Filesystem.php:122
Stack trace:
#0 [internal function]: Illuminate\Foundation\Bootstrap\HandleExceptions->handleError(2, 'file_put_conten...', 'D:\\www\\laravel5...', 122, Array)
#1 D:\www\laravel5.4\vendor\laravel\framework\src\Illuminate\Filesystem\Filesystem.php(122): file_put_contents('D:\\www\\zef_jm\\s...', 'a:3:{s:6:"_toke...', 2)
#2 D:\www\laravel5.4\vendor\laravel\framework\src\Illuminate\Session\FileSessionHandler.php(83): Illuminate\Filesystem\Filesystem->put('D:\\www\\zef_jm\\s...', 'a:3:{s:6:"_toke...', true)
#3 D:\www\laravel5.4\vendor\laravel\framework\src\Illuminate\Session\Store.php(128): Illuminate\Session\FileSessionHandler->write('JDNdOA4kLdfYt1Q...', 'a:3:{s:6:"_toke...')
#4 D:\www\laravel5.4\vendor\laravel\framework\src\Illuminate\Session\Middleware\StartSession.php(88): Illuminate\Session\Store->save()
#5 D:\www\laravel5.4\vendor\laravel\framework\src\Illuminate\Foundation\Http\Kernel.php(216): Illuminate\Session\Middleware\StartSession->terminate(Object(Illuminate\Http\Request), Object(Illuminate\Http\Response))
#6 D:\www\laravel5.4\vendor\laravel\framework\src\Illuminate\Foundation\Http\Kernel.php(187): Illuminate\Foundation\Http\Kernel->terminateMiddleware(Object(Illuminate\Http\Request), Object(Illuminate\Http\Response))
#7 D:\www\zef_jm\index.php(60): Illuminate\Foundation\Http\Kernel->terminate(Object(Illuminate\Http\Request), Object(Illuminate\Http\Response))
#8 {main}  
[2020-09-26 18:58:43] local.ERROR: ErrorException: file_put_contents(D:\www\zef_jm\storage\framework/sessions/JDNdOA4kLdfYt1QUhDYewZNhtXt2o68xWcQi4YON): failed to open stream: No such file or directory in D:\www\laravel5.4\vendor\laravel\framework\src\Illuminate\Filesystem\Filesystem.php:122
Stack trace:
#0 [internal function]: Illuminate\Foundation\Bootstrap\HandleExceptions->handleError(2, 'file_put_conten...', 'D:\\www\\laravel5...', 122, Array)
#1 D:\www\laravel5.4\vendor\laravel\framework\src\Illuminate\Filesystem\Filesystem.php(122): file_put_contents('D:\\www\\zef_jm\\s...', 'a:3:{s:6:"_toke...', 2)
#2 D:\www\laravel5.4\vendor\laravel\framework\src\Illuminate\Session\FileSessionHandler.php(83): Illuminate\Filesystem\Filesystem->put('D:\\www\\zef_jm\\s...', 'a:3:{s:6:"_toke...', true)
#3 D:\www\laravel5.4\vendor\laravel\framework\src\Illuminate\Session\Store.php(128): Illuminate\Session\FileSessionHandler->write('JDNdOA4kLdfYt1Q...', 'a:3:{s:6:"_toke...')
#4 D:\www\laravel5.4\vendor\laravel\framework\src\Illuminate\Session\Middleware\StartSession.php(88): Illuminate\Session\Store->save()
#5 D:\www\laravel5.4\vendor\laravel\framework\src\Illuminate\Foundation\Http\Kernel.php(216): Illuminate\Session\Middleware\StartSession->terminate(Object(Illuminate\Http\Request), Object(Illuminate\Http\Response))
#6 D:\www\laravel5.4\vendor\laravel\framework\src\Illuminate\Foundation\Http\Kernel.php(187): Illuminate\Foundation\Http\Kernel->terminateMiddleware(Object(Illuminate\Http\Request), Object(Illuminate\Http\Response))
#7 D:\www\zef_jm\index.php(60): Illuminate\Foundation\Http\Kernel->terminate(Object(Illuminate\Http\Request), Object(Illuminate\Http\Response))
#8 {main}  
[2020-09-26 18:58:47] local.ERROR: ErrorException: file_put_contents(D:\www\zef_jm\storage\framework/sessions/JDNdOA4kLdfYt1QUhDYewZNhtXt2o68xWcQi4YON): failed to open stream: No such file or directory in D:\www\laravel5.4\vendor\laravel\framework\src\Illuminate\Filesystem\Filesystem.php:122
Stack trace:
#0 [internal function]: Illuminate\Foundation\Bootstrap\HandleExceptions->handleError(2, 'file_put_conten...', 'D:\\www\\laravel5...', 122, Array)
#1 D:\www\laravel5.4\vendor\laravel\framework\src\Illuminate\Filesystem\Filesystem.php(122): file_put_contents('D:\\www\\zef_jm\\s...', 'a:3:{s:6:"_toke...', 2)
#2 D:\www\laravel5.4\vendor\laravel\framework\src\Illuminate\Session\FileSessionHandler.php(83): Illuminate\Filesystem\Filesystem->put('D:\\www\\zef_jm\\s...', 'a:3:{s:6:"_toke...', true)
#3 D:\www\laravel5.4\vendor\laravel\framework\src\Illuminate\Session\Store.php(128): Illuminate\Session\FileSessionHandler->write('JDNdOA4kLdfYt1Q...', 'a:3:{s:6:"_toke...')
#4 D:\www\laravel5.4\vendor\laravel\framework\src\Illuminate\Session\Middleware\StartSession.php(88): Illuminate\Session\Store->save()
#5 D:\www\laravel5.4\vendor\laravel\framework\src\Illuminate\Foundation\Http\Kernel.php(216): Illuminate\Session\Middleware\StartSession->terminate(Object(Illuminate\Http\Request), Object(Addons\Core\Http\Response\TextResponse))
#6 D:\www\laravel5.4\vendor\laravel\framework\src\Illuminate\Foundation\Http\Kernel.php(187): Illuminate\Foundation\Http\Kernel->terminateMiddleware(Object(Illuminate\Http\Request), Object(Addons\Core\Http\Response\TextResponse))
#7 D:\www\zef_jm\index.php(60): Illuminate\Foundation\Http\Kernel->terminate(Object(Illuminate\Http\Request), Object(Addons\Core\Http\Response\TextResponse))
#8 {main}  
[2020-09-26 18:58:51] local.ERROR: InvalidArgumentException: The "D:\www\zef_jm\storage\framework/sessions" directory does not exist. in D:\www\laravel5.4\vendor\symfony\finder\Finder.php:546
Stack trace:
#0 D:\www\laravel5.4\vendor\laravel\framework\src\Illuminate\Session\FileSessionHandler.php(104): Symfony\Component\Finder\Finder->in('D:\\www\\zef_jm\\s...')
#1 D:\www\laravel5.4\vendor\laravel\framework\src\Illuminate\Session\Middleware\StartSession.php(134): Illuminate\Session\FileSessionHandler->gc(7200)
#2 D:\www\laravel5.4\vendor\laravel\framework\src\Illuminate\Session\Middleware\StartSession.php(61): Illuminate\Session\Middleware\StartSession->collectGarbage(Object(Illuminate\Session\Store))
#3 D:\www\laravel5.4\vendor\laravel\framework\src\Illuminate\Pipeline\Pipeline.php(148): Illuminate\Session\Middleware\StartSession->handle(Object(Illuminate\Http\Request), Object(Closure))
#4 D:\www\laravel5.4\vendor\laravel\framework\src\Illuminate\Routing\Pipeline.php(53): Illuminate\Pipeline\Pipeline->Illuminate\Pipeline\{closure}(Object(Illuminate\Http\Request))
#5 D:\www\laravel5.4\vendor\laravel\framework\src\Illuminate\Cookie\Middleware\AddQueuedCookiesToResponse.php(37): Illuminate\Routing\Pipeline->Illuminate\Routing\{closure}(Object(Illuminate\Http\Request))
#6 D:\www\laravel5.4\vendor\laravel\framework\src\Illuminate\Pipeline\Pipeline.php(148): Illuminate\Cookie\Middleware\AddQueuedCookiesToResponse->handle(Object(Illuminate\Http\Request), Object(Closure))
#7 D:\www\laravel5.4\vendor\laravel\framework\src\Illuminate\Routing\Pipeline.php(53): Illuminate\Pipeline\Pipeline->Illuminate\Pipeline\{closure}(Object(Illuminate\Http\Request))
#8 D:\www\laravel5.4\vendor\laravel\framework\src\Illuminate\Cookie\Middleware\EncryptCookies.php(59): Illuminate\Routing\Pipeline->Illuminate\Routing\{closure}(Object(Illuminate\Http\Request))
#9 D:\www\laravel5.4\vendor\laravel\framework\src\Illuminate\Pipeline\Pipeline.php(148): Illuminate\Cookie\Middleware\EncryptCookies->handle(Object(Illuminate\Http\Request), Object(Closure))
#10 D:\www\laravel5.4\vendor\laravel\framework\src\Illuminate\Routing\Pipeline.php(53): Illuminate\Pipeline\Pipeline->Illuminate\Pipeline\{closure}(Object(Illuminate\Http\Request))
#11 D:\www\laravel5.4\vendor\addons\core\src\Middleware\NoCache.php(19): Illuminate\Routing\Pipeline->Illuminate\Routing\{closure}(Object(Illuminate\Http\Request))
#12 D:\www\laravel5.4\vendor\laravel\framework\src\Illuminate\Pipeline\Pipeline.php(148): Addons\Core\Middleware\NoCache->handle(Object(Illuminate\Http\Request), Object(Closure))
#13 D:\www\laravel5.4\vendor\laravel\framework\src\Illuminate\Routing\Pipeline.php(53): Illuminate\Pipeline\Pipeline->Illuminate\Pipeline\{closure}(Object(Illuminate\Http\Request))
#14 D:\www\laravel5.4\vendor\laravel\framework\src\Illuminate\Pipeline\Pipeline.php(102): Illuminate\Routing\Pipeline->Illuminate\Routing\{closure}(Object(Illuminate\Http\Request))
#15 D:\www\laravel5.4\vendor\laravel\framework\src\Illuminate\Routing\Router.php(576): Illuminate\Pipeline\Pipeline->then(Object(Closure))
#16 D:\www\laravel5.4\vendor\laravel\framework\src\Illuminate\Routing\Router.php(535): Illuminate\Routing\Router->runRouteWithinStack(Object(Illuminate\Routing\Route), Object(Illuminate\Http\Request))
#17 D:\www\laravel5.4\vendor\laravel\framework\src\Illuminate\Routing\Router.php(513): Illuminate\Routing\Router->dispatchToRoute(Object(Illuminate\Http\Request))
#18 D:\www\laravel5.4\vendor\laravel\framework\src\Illuminate\Foundation\Http\Kernel.php(174): Illuminate\Routing\Router->dispatch(Object(Illuminate\Http\Request))
#19 D:\www\laravel5.4\vendor\laravel\framework\src\Illuminate\Routing\Pipeline.php(30): Illuminate\Foundation\Http\Kernel->Illuminate\Foundation\Http\{closure}(Object(Illuminate\Http\Request))
#20 D:\www\zef_jm\app\Http\Middleware\EnableCrossRequestMiddleware.php(18): Illuminate\Routing\Pipeline->Illuminate\Routing\{closure}(Object(Illuminate\Http\Request))
#21 D:\www\laravel5.4\vendor\laravel\framework\src\Illuminate\Pipeline\Pipeline.php(148): App\Http\Middleware\EnableCrossRequestMiddleware->handle(Object(Illuminate\Http\Request), Object(Closure))
#22 D:\www\laravel5.4\vendor\laravel\framework\src\Illuminate\Routing\Pipeline.php(53): Illuminate\Pipeline\Pipeline->Illuminate\Pipeline\{closure}(Object(Illuminate\Http\Request))
#23 D:\www\laravel5.4\vendor\laravel\framework\src\Illuminate\Foundation\Http\Middleware\TransformsRequest.php(30): Illuminate\Routing\Pipeline->Illuminate\Routing\{closure}(Object(Illuminate\Http\Request))
#24 D:\www\laravel5.4\vendor\laravel\framework\src\Illuminate\Pipeline\Pipeline.php(148): Illuminate\Foundation\Http\Middleware\TransformsRequest->handle(Object(Illuminate\Http\Request), Object(Closure))
#25 D:\www\laravel5.4\vendor\laravel\framework\src\Illuminate\Routing\Pipeline.php(53): Illuminate\Pipeline\Pipeline->Illuminate\Pipeline\{closure}(Object(Illuminate\Http\Request))
#26 D:\www\laravel5.4\vendor\laravel\framework\src\Illuminate\Foundation\Http\Middleware\TransformsRequest.php(30): Illuminate\Routing\Pipeline->Illuminate\Routing\{closure}(Object(Illuminate\Http\Request))
#27 D:\www\laravel5.4\vendor\laravel\framework\src\Illuminate\Pipeline\Pipeline.php(148): Illuminate\Foundation\Http\Middleware\TransformsRequest->handle(Object(Illuminate\Http\Request), Object(Closure))
#28 D:\www\laravel5.4\vendor\laravel\framework\src\Illuminate\Routing\Pipeline.php(53): Illuminate\Pipeline\Pipeline->Illuminate\Pipeline\{closure}(Object(Illuminate\Http\Request))
#29 D:\www\laravel5.4\vendor\laravel\framework\src\Illuminate\Foundation\Http\Middleware\ValidatePostSize.php(27): Illuminate\Routing\Pipeline->Illuminate\Routing\{closure}(Object(Illuminate\Http\Request))
#30 D:\www\laravel5.4\vendor\laravel\framework\src\Illuminate\Pipeline\Pipeline.php(148): Illuminate\Foundation\Http\Middleware\ValidatePostSize->handle(Object(Illuminate\Http\Request), Object(Closure))
#31 D:\www\laravel5.4\vendor\laravel\framework\src\Illuminate\Routing\Pipeline.php(53): Illuminate\Pipeline\Pipeline->Illuminate\Pipeline\{closure}(Object(Illuminate\Http\Request))
#32 D:\www\laravel5.4\vendor\laravel\framework\src\Illuminate\Foundation\Http\Middleware\CheckForMaintenanceMode.php(46): Illuminate\Routing\Pipeline->Illuminate\Routing\{closure}(Object(Illuminate\Http\Request))
#33 D:\www\laravel5.4\vendor\laravel\framework\src\Illuminate\Pipeline\Pipeline.php(148): Illuminate\Foundation\Http\Middleware\CheckForMaintenanceMode->handle(Object(Illuminate\Http\Request), Object(Closure))
#34 D:\www\laravel5.4\vendor\laravel\framework\src\Illuminate\Routing\Pipeline.php(53): Illuminate\Pipeline\Pipeline->Illuminate\Pipeline\{closure}(Object(Illuminate\Http\Request))
#35 D:\www\laravel5.4\vendor\laravel\framework\src\Illuminate\Pipeline\Pipeline.php(102): Illuminate\Routing\Pipeline->Illuminate\Routing\{closure}(Object(Illuminate\Http\Request))
#36 D:\www\laravel5.4\vendor\laravel\framework\src\Illuminate\Foundation\Http\Kernel.php(149): Illuminate\Pipeline\Pipeline->then(Object(Closure))
#37 D:\www\laravel5.4\vendor\laravel\framework\src\Illuminate\Foundation\Http\Kernel.php(116): Illuminate\Foundation\Http\Kernel->sendRequestThroughRouter(Object(Illuminate\Http\Request))
#38 D:\www\zef_jm\index.php(55): Illuminate\Foundation\Http\Kernel->handle(Object(Illuminate\Http\Request))
#39 {main}  
[2020-09-26 18:58:51] local.ERROR: ErrorException: file_put_contents(D:\www\zef_jm\storage\framework/sessions/JDNdOA4kLdfYt1QUhDYewZNhtXt2o68xWcQi4YON): failed to open stream: No such file or directory in D:\www\laravel5.4\vendor\laravel\framework\src\Illuminate\Filesystem\Filesystem.php:122
Stack trace:
#0 [internal function]: Illuminate\Foundation\Bootstrap\HandleExceptions->handleError(2, 'file_put_conten...', 'D:\\www\\laravel5...', 122, Array)
#1 D:\www\laravel5.4\vendor\laravel\framework\src\Illuminate\Filesystem\Filesystem.php(122): file_put_contents('D:\\www\\zef_jm\\s...', 'a:2:{s:6:"_toke...', 2)
#2 D:\www\laravel5.4\vendor\laravel\framework\src\Illuminate\Session\FileSessionHandler.php(83): Illuminate\Filesystem\Filesystem->put('D:\\www\\zef_jm\\s...', 'a:2:{s:6:"_toke...', true)
#3 D:\www\laravel5.4\vendor\laravel\framework\src\Illuminate\Session\Store.php(128): Illuminate\Session\FileSessionHandler->write('JDNdOA4kLdfYt1Q...', 'a:2:{s:6:"_toke...')
#4 D:\www\laravel5.4\vendor\laravel\framework\src\Illuminate\Session\Middleware\StartSession.php(88): Illuminate\Session\Store->save()
#5 D:\www\laravel5.4\vendor\laravel\framework\src\Illuminate\Foundation\Http\Kernel.php(216): Illuminate\Session\Middleware\StartSession->terminate(Object(Illuminate\Http\Request), Object(Illuminate\Http\Response))
#6 D:\www\laravel5.4\vendor\laravel\framework\src\Illuminate\Foundation\Http\Kernel.php(187): Illuminate\Foundation\Http\Kernel->terminateMiddleware(Object(Illuminate\Http\Request), Object(Illuminate\Http\Response))
#7 D:\www\zef_jm\index.php(60): Illuminate\Foundation\Http\Kernel->terminate(Object(Illuminate\Http\Request), Object(Illuminate\Http\Response))
#8 {main}  
[2020-09-26 18:59:06] local.ERROR: ErrorException: file_put_contents(D:\www\zef_jm\storage\framework/sessions/JDNdOA4kLdfYt1QUhDYewZNhtXt2o68xWcQi4YON): failed to open stream: No such file or directory in D:\www\laravel5.4\vendor\laravel\framework\src\Illuminate\Filesystem\Filesystem.php:122
Stack trace:
#0 [internal function]: Illuminate\Foundation\Bootstrap\HandleExceptions->handleError(2, 'file_put_conten...', 'D:\\www\\laravel5...', 122, Array)
#1 D:\www\laravel5.4\vendor\laravel\framework\src\Illuminate\Filesystem\Filesystem.php(122): file_put_contents('D:\\www\\zef_jm\\s...', 'a:3:{s:6:"_toke...', 2)
#2 D:\www\laravel5.4\vendor\laravel\framework\src\Illuminate\Session\FileSessionHandler.php(83): Illuminate\Filesystem\Filesystem->put('D:\\www\\zef_jm\\s...', 'a:3:{s:6:"_toke...', true)
#3 D:\www\laravel5.4\vendor\laravel\framework\src\Illuminate\Session\Store.php(128): Illuminate\Session\FileSessionHandler->write('JDNdOA4kLdfYt1Q...', 'a:3:{s:6:"_toke...')
#4 D:\www\laravel5.4\vendor\laravel\framework\src\Illuminate\Session\Middleware\StartSession.php(88): Illuminate\Session\Store->save()
#5 D:\www\laravel5.4\vendor\laravel\framework\src\Illuminate\Foundation\Http\Kernel.php(216): Illuminate\Session\Middleware\StartSession->terminate(Object(Illuminate\Http\Request), Object(Illuminate\Http\Response))
#6 D:\www\laravel5.4\vendor\laravel\framework\src\Illuminate\Foundation\Http\Kernel.php(187): Illuminate\Foundation\Http\Kernel->terminateMiddleware(Object(Illuminate\Http\Request), Object(Illuminate\Http\Response))
#7 D:\www\zef_jm\index.php(60): Illuminate\Foundation\Http\Kernel->terminate(Object(Illuminate\Http\Request), Object(Illuminate\Http\Response))
#8 {main}  
[2020-09-26 18:59:27] local.ERROR: ErrorException: file_put_contents(D:\www\zef_jm\storage\framework/sessions/JDNdOA4kLdfYt1QUhDYewZNhtXt2o68xWcQi4YON): failed to open stream: No such file or directory in D:\www\laravel5.4\vendor\laravel\framework\src\Illuminate\Filesystem\Filesystem.php:122
Stack trace:
#0 [internal function]: Illuminate\Foundation\Bootstrap\HandleExceptions->handleError(2, 'file_put_conten...', 'D:\\www\\laravel5...', 122, Array)
#1 D:\www\laravel5.4\vendor\laravel\framework\src\Illuminate\Filesystem\Filesystem.php(122): file_put_contents('D:\\www\\zef_jm\\s...', 'a:3:{s:6:"_toke...', 2)
#2 D:\www\laravel5.4\vendor\laravel\framework\src\Illuminate\Session\FileSessionHandler.php(83): Illuminate\Filesystem\Filesystem->put('D:\\www\\zef_jm\\s...', 'a:3:{s:6:"_toke...', true)
#3 D:\www\laravel5.4\vendor\laravel\framework\src\Illuminate\Session\Store.php(128): Illuminate\Session\FileSessionHandler->write('JDNdOA4kLdfYt1Q...', 'a:3:{s:6:"_toke...')
#4 D:\www\laravel5.4\vendor\laravel\framework\src\Illuminate\Session\Middleware\StartSession.php(88): Illuminate\Session\Store->save()
#5 D:\www\laravel5.4\vendor\laravel\framework\src\Illuminate\Foundation\Http\Kernel.php(216): Illuminate\Session\Middleware\StartSession->terminate(Object(Illuminate\Http\Request), Object(Illuminate\Http\Response))
#6 D:\www\laravel5.4\vendor\laravel\framework\src\Illuminate\Foundation\Http\Kernel.php(187): Illuminate\Foundation\Http\Kernel->terminateMiddleware(Object(Illuminate\Http\Request), Object(Illuminate\Http\Response))
#7 D:\www\zef_jm\index.php(60): Illuminate\Foundation\Http\Kernel->terminate(Object(Illuminate\Http\Request), Object(Illuminate\Http\Response))
#8 {main}  
[2020-09-26 18:59:39] local.ERROR: ErrorException: file_put_contents(D:\www\zef_jm\storage\framework/sessions/JDNdOA4kLdfYt1QUhDYewZNhtXt2o68xWcQi4YON): failed to open stream: No such file or directory in D:\www\laravel5.4\vendor\laravel\framework\src\Illuminate\Filesystem\Filesystem.php:122
Stack trace:
#0 [internal function]: Illuminate\Foundation\Bootstrap\HandleExceptions->handleError(2, 'file_put_conten...', 'D:\\www\\laravel5...', 122, Array)
#1 D:\www\laravel5.4\vendor\laravel\framework\src\Illuminate\Filesystem\Filesystem.php(122): file_put_contents('D:\\www\\zef_jm\\s...', 'a:3:{s:6:"_toke...', 2)
#2 D:\www\laravel5.4\vendor\laravel\framework\src\Illuminate\Session\FileSessionHandler.php(83): Illuminate\Filesystem\Filesystem->put('D:\\www\\zef_jm\\s...', 'a:3:{s:6:"_toke...', true)
#3 D:\www\laravel5.4\vendor\laravel\framework\src\Illuminate\Session\Store.php(128): Illuminate\Session\FileSessionHandler->write('JDNdOA4kLdfYt1Q...', 'a:3:{s:6:"_toke...')
#4 D:\www\laravel5.4\vendor\laravel\framework\src\Illuminate\Session\Middleware\StartSession.php(88): Illuminate\Session\Store->save()
#5 D:\www\laravel5.4\vendor\laravel\framework\src\Illuminate\Foundation\Http\Kernel.php(216): Illuminate\Session\Middleware\StartSession->terminate(Object(Illuminate\Http\Request), Object(Illuminate\Http\Response))
#6 D:\www\laravel5.4\vendor\laravel\framework\src\Illuminate\Foundation\Http\Kernel.php(187): Illuminate\Foundation\Http\Kernel->terminateMiddleware(Object(Illuminate\Http\Request), Object(Illuminate\Http\Response))
#7 D:\www\zef_jm\index.php(60): Illuminate\Foundation\Http\Kernel->terminate(Object(Illuminate\Http\Request), Object(Illuminate\Http\Response))
#8 {main}  
[2020-09-26 19:00:53] local.ERROR: ErrorException: file_put_contents(D:\www\zef_jm\storage\framework/sessions/JDNdOA4kLdfYt1QUhDYewZNhtXt2o68xWcQi4YON): failed to open stream: No such file or directory in D:\www\laravel5.4\vendor\laravel\framework\src\Illuminate\Filesystem\Filesystem.php:122
Stack trace:
#0 [internal function]: Illuminate\Foundation\Bootstrap\HandleExceptions->handleError(2, 'file_put_conten...', 'D:\\www\\laravel5...', 122, Array)
#1 D:\www\laravel5.4\vendor\laravel\framework\src\Illuminate\Filesystem\Filesystem.php(122): file_put_contents('D:\\www\\zef_jm\\s...', 'a:3:{s:6:"_toke...', 2)
#2 D:\www\laravel5.4\vendor\laravel\framework\src\Illuminate\Session\FileSessionHandler.php(83): Illuminate\Filesystem\Filesystem->put('D:\\www\\zef_jm\\s...', 'a:3:{s:6:"_toke...', true)
#3 D:\www\laravel5.4\vendor\laravel\framework\src\Illuminate\Session\Store.php(128): Illuminate\Session\FileSessionHandler->write('JDNdOA4kLdfYt1Q...', 'a:3:{s:6:"_toke...')
#4 D:\www\laravel5.4\vendor\laravel\framework\src\Illuminate\Session\Middleware\StartSession.php(88): Illuminate\Session\Store->save()
#5 D:\www\laravel5.4\vendor\laravel\framework\src\Illuminate\Foundation\Http\Kernel.php(216): Illuminate\Session\Middleware\StartSession->terminate(Object(Illuminate\Http\Request), Object(Illuminate\Http\Response))
#6 D:\www\laravel5.4\vendor\laravel\framework\src\Illuminate\Foundation\Http\Kernel.php(187): Illuminate\Foundation\Http\Kernel->terminateMiddleware(Object(Illuminate\Http\Request), Object(Illuminate\Http\Response))
#7 D:\www\zef_jm\index.php(60): Illuminate\Foundation\Http\Kernel->terminate(Object(Illuminate\Http\Request), Object(Illuminate\Http\Response))
#8 {main}  
[2020-09-26 19:03:32] local.ERROR: ErrorException: file_put_contents(D:\www\zef_jm\storage\framework/sessions/JDNdOA4kLdfYt1QUhDYewZNhtXt2o68xWcQi4YON): failed to open stream: No such file or directory in D:\www\laravel5.4\vendor\laravel\framework\src\Illuminate\Filesystem\Filesystem.php:122
Stack trace:
#0 [internal function]: Illuminate\Foundation\Bootstrap\HandleExceptions->handleError(2, 'file_put_conten...', 'D:\\www\\laravel5...', 122, Array)
#1 D:\www\laravel5.4\vendor\laravel\framework\src\Illuminate\Filesystem\Filesystem.php(122): file_put_contents('D:\\www\\zef_jm\\s...', 'a:3:{s:6:"_toke...', 2)
#2 D:\www\laravel5.4\vendor\laravel\framework\src\Illuminate\Session\FileSessionHandler.php(83): Illuminate\Filesystem\Filesystem->put('D:\\www\\zef_jm\\s...', 'a:3:{s:6:"_toke...', true)
#3 D:\www\laravel5.4\vendor\laravel\framework\src\Illuminate\Session\Store.php(128): Illuminate\Session\FileSessionHandler->write('JDNdOA4kLdfYt1Q...', 'a:3:{s:6:"_toke...')
#4 D:\www\laravel5.4\vendor\laravel\framework\src\Illuminate\Session\Middleware\StartSession.php(88): Illuminate\Session\Store->save()
#5 D:\www\laravel5.4\vendor\laravel\framework\src\Illuminate\Foundation\Http\Kernel.php(216): Illuminate\Session\Middleware\StartSession->terminate(Object(Illuminate\Http\Request), Object(Illuminate\Http\Response))
#6 D:\www\laravel5.4\vendor\laravel\framework\src\Illuminate\Foundation\Http\Kernel.php(187): Illuminate\Foundation\Http\Kernel->terminateMiddleware(Object(Illuminate\Http\Request), Object(Illuminate\Http\Response))
#7 D:\www\zef_jm\index.php(60): Illuminate\Foundation\Http\Kernel->terminate(Object(Illuminate\Http\Request), Object(Illuminate\Http\Response))
#8 {main}  
[2020-09-26 19:03:35] local.ERROR: ErrorException: file_put_contents(D:\www\zef_jm\storage\framework/sessions/JDNdOA4kLdfYt1QUhDYewZNhtXt2o68xWcQi4YON): failed to open stream: No such file or directory in D:\www\laravel5.4\vendor\laravel\framework\src\Illuminate\Filesystem\Filesystem.php:122
Stack trace:
#0 [internal function]: Illuminate\Foundation\Bootstrap\HandleExceptions->handleError(2, 'file_put_conten...', 'D:\\www\\laravel5...', 122, Array)
#1 D:\www\laravel5.4\vendor\laravel\framework\src\Illuminate\Filesystem\Filesystem.php(122): file_put_contents('D:\\www\\zef_jm\\s...', 'a:3:{s:6:"_toke...', 2)
#2 D:\www\laravel5.4\vendor\laravel\framework\src\Illuminate\Session\FileSessionHandler.php(83): Illuminate\Filesystem\Filesystem->put('D:\\www\\zef_jm\\s...', 'a:3:{s:6:"_toke...', true)
#3 D:\www\laravel5.4\vendor\laravel\framework\src\Illuminate\Session\Store.php(128): Illuminate\Session\FileSessionHandler->write('JDNdOA4kLdfYt1Q...', 'a:3:{s:6:"_toke...')
#4 D:\www\laravel5.4\vendor\laravel\framework\src\Illuminate\Session\Middleware\StartSession.php(88): Illuminate\Session\Store->save()
#5 D:\www\laravel5.4\vendor\laravel\framework\src\Illuminate\Foundation\Http\Kernel.php(216): Illuminate\Session\Middleware\StartSession->terminate(Object(Illuminate\Http\Request), Object(Illuminate\Http\Response))
#6 D:\www\laravel5.4\vendor\laravel\framework\src\Illuminate\Foundation\Http\Kernel.php(187): Illuminate\Foundation\Http\Kernel->terminateMiddleware(Object(Illuminate\Http\Request), Object(Illuminate\Http\Response))
#7 D:\www\zef_jm\index.php(60): Illuminate\Foundation\Http\Kernel->terminate(Object(Illuminate\Http\Request), Object(Illuminate\Http\Response))
#8 {main}  
[2020-09-26 19:03:39] local.ERROR: ErrorException: file_put_contents(D:\www\zef_jm\storage\framework/sessions/JDNdOA4kLdfYt1QUhDYewZNhtXt2o68xWcQi4YON): failed to open stream: No such file or directory in D:\www\laravel5.4\vendor\laravel\framework\src\Illuminate\Filesystem\Filesystem.php:122
Stack trace:
#0 [internal function]: Illuminate\Foundation\Bootstrap\HandleExceptions->handleError(2, 'file_put_conten...', 'D:\\www\\laravel5...', 122, Array)
#1 D:\www\laravel5.4\vendor\laravel\framework\src\Illuminate\Filesystem\Filesystem.php(122): file_put_contents('D:\\www\\zef_jm\\s...', 'a:3:{s:6:"_toke...', 2)
#2 D:\www\laravel5.4\vendor\laravel\framework\src\Illuminate\Session\FileSessionHandler.php(83): Illuminate\Filesystem\Filesystem->put('D:\\www\\zef_jm\\s...', 'a:3:{s:6:"_toke...', true)
#3 D:\www\laravel5.4\vendor\laravel\framework\src\Illuminate\Session\Store.php(128): Illuminate\Session\FileSessionHandler->write('JDNdOA4kLdfYt1Q...', 'a:3:{s:6:"_toke...')
#4 D:\www\laravel5.4\vendor\laravel\framework\src\Illuminate\Session\Middleware\StartSession.php(88): Illuminate\Session\Store->save()
#5 D:\www\laravel5.4\vendor\laravel\framework\src\Illuminate\Foundation\Http\Kernel.php(216): Illuminate\Session\Middleware\StartSession->terminate(Object(Illuminate\Http\Request), Object(Illuminate\Http\Response))
#6 D:\www\laravel5.4\vendor\laravel\framework\src\Illuminate\Foundation\Http\Kernel.php(187): Illuminate\Foundation\Http\Kernel->terminateMiddleware(Object(Illuminate\Http\Request), Object(Illuminate\Http\Response))
#7 D:\www\zef_jm\index.php(60): Illuminate\Foundation\Http\Kernel->terminate(Object(Illuminate\Http\Request), Object(Illuminate\Http\Response))
#8 {main}  
[2020-09-26 19:03:42] local.ERROR: ErrorException: file_put_contents(D:\www\zef_jm\storage\framework/sessions/JDNdOA4kLdfYt1QUhDYewZNhtXt2o68xWcQi4YON): failed to open stream: No such file or directory in D:\www\laravel5.4\vendor\laravel\framework\src\Illuminate\Filesystem\Filesystem.php:122
Stack trace:
#0 [internal function]: Illuminate\Foundation\Bootstrap\HandleExceptions->handleError(2, 'file_put_conten...', 'D:\\www\\laravel5...', 122, Array)
#1 D:\www\laravel5.4\vendor\laravel\framework\src\Illuminate\Filesystem\Filesystem.php(122): file_put_contents('D:\\www\\zef_jm\\s...', 'a:3:{s:6:"_toke...', 2)
#2 D:\www\laravel5.4\vendor\laravel\framework\src\Illuminate\Session\FileSessionHandler.php(83): Illuminate\Filesystem\Filesystem->put('D:\\www\\zef_jm\\s...', 'a:3:{s:6:"_toke...', true)
#3 D:\www\laravel5.4\vendor\laravel\framework\src\Illuminate\Session\Store.php(128): Illuminate\Session\FileSessionHandler->write('JDNdOA4kLdfYt1Q...', 'a:3:{s:6:"_toke...')
#4 D:\www\laravel5.4\vendor\laravel\framework\src\Illuminate\Session\Middleware\StartSession.php(88): Illuminate\Session\Store->save()
#5 D:\www\laravel5.4\vendor\laravel\framework\src\Illuminate\Foundation\Http\Kernel.php(216): Illuminate\Session\Middleware\StartSession->terminate(Object(Illuminate\Http\Request), Object(Illuminate\Http\Response))
#6 D:\www\laravel5.4\vendor\laravel\framework\src\Illuminate\Foundation\Http\Kernel.php(187): Illuminate\Foundation\Http\Kernel->terminateMiddleware(Object(Illuminate\Http\Request), Object(Illuminate\Http\Response))
#7 D:\www\zef_jm\index.php(60): Illuminate\Foundation\Http\Kernel->terminate(Object(Illuminate\Http\Request), Object(Illuminate\Http\Response))
#8 {main}  
[2020-09-26 19:04:43] local.ERROR: ErrorException: file_put_contents(D:\www\zef_jm\storage\framework/sessions/JDNdOA4kLdfYt1QUhDYewZNhtXt2o68xWcQi4YON): failed to open stream: No such file or directory in D:\www\laravel5.4\vendor\laravel\framework\src\Illuminate\Filesystem\Filesystem.php:122
Stack trace:
#0 [internal function]: Illuminate\Foundation\Bootstrap\HandleExceptions->handleError(2, 'file_put_conten...', 'D:\\www\\laravel5...', 122, Array)
#1 D:\www\laravel5.4\vendor\laravel\framework\src\Illuminate\Filesystem\Filesystem.php(122): file_put_contents('D:\\www\\zef_jm\\s...', 'a:3:{s:6:"_toke...', 2)
#2 D:\www\laravel5.4\vendor\laravel\framework\src\Illuminate\Session\FileSessionHandler.php(83): Illuminate\Filesystem\Filesystem->put('D:\\www\\zef_jm\\s...', 'a:3:{s:6:"_toke...', true)
#3 D:\www\laravel5.4\vendor\laravel\framework\src\Illuminate\Session\Store.php(128): Illuminate\Session\FileSessionHandler->write('JDNdOA4kLdfYt1Q...', 'a:3:{s:6:"_toke...')
#4 D:\www\laravel5.4\vendor\laravel\framework\src\Illuminate\Session\Middleware\StartSession.php(88): Illuminate\Session\Store->save()
#5 D:\www\laravel5.4\vendor\laravel\framework\src\Illuminate\Foundation\Http\Kernel.php(216): Illuminate\Session\Middleware\StartSession->terminate(Object(Illuminate\Http\Request), Object(Illuminate\Http\Response))
#6 D:\www\laravel5.4\vendor\laravel\framework\src\Illuminate\Foundation\Http\Kernel.php(187): Illuminate\Foundation\Http\Kernel->terminateMiddleware(Object(Illuminate\Http\Request), Object(Illuminate\Http\Response))
#7 D:\www\zef_jm\index.php(60): Illuminate\Foundation\Http\Kernel->terminate(Object(Illuminate\Http\Request), Object(Illuminate\Http\Response))
#8 {main}  
[2020-09-26 19:04:44] local.ERROR: ErrorException: file_put_contents(D:\www\zef_jm\storage\framework/sessions/JDNdOA4kLdfYt1QUhDYewZNhtXt2o68xWcQi4YON): failed to open stream: No such file or directory in D:\www\laravel5.4\vendor\laravel\framework\src\Illuminate\Filesystem\Filesystem.php:122
Stack trace:
#0 [internal function]: Illuminate\Foundation\Bootstrap\HandleExceptions->handleError(2, 'file_put_conten...', 'D:\\www\\laravel5...', 122, Array)
#1 D:\www\laravel5.4\vendor\laravel\framework\src\Illuminate\Filesystem\Filesystem.php(122): file_put_contents('D:\\www\\zef_jm\\s...', 'a:3:{s:6:"_toke...', 2)
#2 D:\www\laravel5.4\vendor\laravel\framework\src\Illuminate\Session\FileSessionHandler.php(83): Illuminate\Filesystem\Filesystem->put('D:\\www\\zef_jm\\s...', 'a:3:{s:6:"_toke...', true)
#3 D:\www\laravel5.4\vendor\laravel\framework\src\Illuminate\Session\Store.php(128): Illuminate\Session\FileSessionHandler->write('JDNdOA4kLdfYt1Q...', 'a:3:{s:6:"_toke...')
#4 D:\www\laravel5.4\vendor\laravel\framework\src\Illuminate\Session\Middleware\StartSession.php(88): Illuminate\Session\Store->save()
#5 D:\www\laravel5.4\vendor\laravel\framework\src\Illuminate\Foundation\Http\Kernel.php(216): Illuminate\Session\Middleware\StartSession->terminate(Object(Illuminate\Http\Request), Object(Illuminate\Http\Response))
#6 D:\www\laravel5.4\vendor\laravel\framework\src\Illuminate\Foundation\Http\Kernel.php(187): Illuminate\Foundation\Http\Kernel->terminateMiddleware(Object(Illuminate\Http\Request), Object(Illuminate\Http\Response))
#7 D:\www\zef_jm\index.php(60): Illuminate\Foundation\Http\Kernel->terminate(Object(Illuminate\Http\Request), Object(Illuminate\Http\Response))
#8 {main}  
[2020-09-26 19:05:08] local.ERROR: ErrorException: file_put_contents(D:\www\zef_jm\storage\framework/sessions/JDNdOA4kLdfYt1QUhDYewZNhtXt2o68xWcQi4YON): failed to open stream: No such file or directory in D:\www\laravel5.4\vendor\laravel\framework\src\Illuminate\Filesystem\Filesystem.php:122
Stack trace:
#0 [internal function]: Illuminate\Foundation\Bootstrap\HandleExceptions->handleError(2, 'file_put_conten...', 'D:\\www\\laravel5...', 122, Array)
#1 D:\www\laravel5.4\vendor\laravel\framework\src\Illuminate\Filesystem\Filesystem.php(122): file_put_contents('D:\\www\\zef_jm\\s...', 'a:3:{s:6:"_toke...', 2)
#2 D:\www\laravel5.4\vendor\laravel\framework\src\Illuminate\Session\FileSessionHandler.php(83): Illuminate\Filesystem\Filesystem->put('D:\\www\\zef_jm\\s...', 'a:3:{s:6:"_toke...', true)
#3 D:\www\laravel5.4\vendor\laravel\framework\src\Illuminate\Session\Store.php(128): Illuminate\Session\FileSessionHandler->write('JDNdOA4kLdfYt1Q...', 'a:3:{s:6:"_toke...')
#4 D:\www\laravel5.4\vendor\laravel\framework\src\Illuminate\Session\Middleware\StartSession.php(88): Illuminate\Session\Store->save()
#5 D:\www\laravel5.4\vendor\laravel\framework\src\Illuminate\Foundation\Http\Kernel.php(216): Illuminate\Session\Middleware\StartSession->terminate(Object(Illuminate\Http\Request), Object(Illuminate\Http\Response))
#6 D:\www\laravel5.4\vendor\laravel\framework\src\Illuminate\Foundation\Http\Kernel.php(187): Illuminate\Foundation\Http\Kernel->terminateMiddleware(Object(Illuminate\Http\Request), Object(Illuminate\Http\Response))
#7 D:\www\zef_jm\index.php(60): Illuminate\Foundation\Http\Kernel->terminate(Object(Illuminate\Http\Request), Object(Illuminate\Http\Response))
#8 {main}  
[2020-09-26 19:05:36] local.ERROR: ErrorException: file_put_contents(D:\www\zef_jm\storage\framework/sessions/JDNdOA4kLdfYt1QUhDYewZNhtXt2o68xWcQi4YON): failed to open stream: No such file or directory in D:\www\laravel5.4\vendor\laravel\framework\src\Illuminate\Filesystem\Filesystem.php:122
Stack trace:
#0 [internal function]: Illuminate\Foundation\Bootstrap\HandleExceptions->handleError(2, 'file_put_conten...', 'D:\\www\\laravel5...', 122, Array)
#1 D:\www\laravel5.4\vendor\laravel\framework\src\Illuminate\Filesystem\Filesystem.php(122): file_put_contents('D:\\www\\zef_jm\\s...', 'a:3:{s:6:"_toke...', 2)
#2 D:\www\laravel5.4\vendor\laravel\framework\src\Illuminate\Session\FileSessionHandler.php(83): Illuminate\Filesystem\Filesystem->put('D:\\www\\zef_jm\\s...', 'a:3:{s:6:"_toke...', true)
#3 D:\www\laravel5.4\vendor\laravel\framework\src\Illuminate\Session\Store.php(128): Illuminate\Session\FileSessionHandler->write('JDNdOA4kLdfYt1Q...', 'a:3:{s:6:"_toke...')
#4 D:\www\laravel5.4\vendor\laravel\framework\src\Illuminate\Session\Middleware\StartSession.php(88): Illuminate\Session\Store->save()
#5 D:\www\laravel5.4\vendor\laravel\framework\src\Illuminate\Foundation\Http\Kernel.php(216): Illuminate\Session\Middleware\StartSession->terminate(Object(Illuminate\Http\Request), Object(Illuminate\Http\Response))
#6 D:\www\laravel5.4\vendor\laravel\framework\src\Illuminate\Foundation\Http\Kernel.php(187): Illuminate\Foundation\Http\Kernel->terminateMiddleware(Object(Illuminate\Http\Request), Object(Illuminate\Http\Response))
#7 D:\www\zef_jm\index.php(60): Illuminate\Foundation\Http\Kernel->terminate(Object(Illuminate\Http\Request), Object(Illuminate\Http\Response))
#8 {main}  
[2020-09-26 19:06:40] local.ERROR: ErrorException: file_put_contents(D:\www\zef_jm\storage\framework/sessions/JDNdOA4kLdfYt1QUhDYewZNhtXt2o68xWcQi4YON): failed to open stream: No such file or directory in D:\www\laravel5.4\vendor\laravel\framework\src\Illuminate\Filesystem\Filesystem.php:122
Stack trace:
#0 [internal function]: Illuminate\Foundation\Bootstrap\HandleExceptions->handleError(2, 'file_put_conten...', 'D:\\www\\laravel5...', 122, Array)
#1 D:\www\laravel5.4\vendor\laravel\framework\src\Illuminate\Filesystem\Filesystem.php(122): file_put_contents('D:\\www\\zef_jm\\s...', 'a:3:{s:6:"_toke...', 2)
#2 D:\www\laravel5.4\vendor\laravel\framework\src\Illuminate\Session\FileSessionHandler.php(83): Illuminate\Filesystem\Filesystem->put('D:\\www\\zef_jm\\s...', 'a:3:{s:6:"_toke...', true)
#3 D:\www\laravel5.4\vendor\laravel\framework\src\Illuminate\Session\Store.php(128): Illuminate\Session\FileSessionHandler->write('JDNdOA4kLdfYt1Q...', 'a:3:{s:6:"_toke...')
#4 D:\www\laravel5.4\vendor\laravel\framework\src\Illuminate\Session\Middleware\StartSession.php(88): Illuminate\Session\Store->save()
#5 D:\www\laravel5.4\vendor\laravel\framework\src\Illuminate\Foundation\Http\Kernel.php(216): Illuminate\Session\Middleware\StartSession->terminate(Object(Illuminate\Http\Request), Object(Illuminate\Http\Response))
#6 D:\www\laravel5.4\vendor\laravel\framework\src\Illuminate\Foundation\Http\Kernel.php(187): Illuminate\Foundation\Http\Kernel->terminateMiddleware(Object(Illuminate\Http\Request), Object(Illuminate\Http\Response))
#7 D:\www\zef_jm\index.php(60): Illuminate\Foundation\Http\Kernel->terminate(Object(Illuminate\Http\Request), Object(Illuminate\Http\Response))
#8 {main}  
[2020-09-26 19:06:41] local.ERROR: ErrorException: file_put_contents(D:\www\zef_jm\storage\framework/sessions/JDNdOA4kLdfYt1QUhDYewZNhtXt2o68xWcQi4YON): failed to open stream: No such file or directory in D:\www\laravel5.4\vendor\laravel\framework\src\Illuminate\Filesystem\Filesystem.php:122
Stack trace:
#0 [internal function]: Illuminate\Foundation\Bootstrap\HandleExceptions->handleError(2, 'file_put_conten...', 'D:\\www\\laravel5...', 122, Array)
#1 D:\www\laravel5.4\vendor\laravel\framework\src\Illuminate\Filesystem\Filesystem.php(122): file_put_contents('D:\\www\\zef_jm\\s...', 'a:3:{s:6:"_toke...', 2)
#2 D:\www\laravel5.4\vendor\laravel\framework\src\Illuminate\Session\FileSessionHandler.php(83): Illuminate\Filesystem\Filesystem->put('D:\\www\\zef_jm\\s...', 'a:3:{s:6:"_toke...', true)
#3 D:\www\laravel5.4\vendor\laravel\framework\src\Illuminate\Session\Store.php(128): Illuminate\Session\FileSessionHandler->write('JDNdOA4kLdfYt1Q...', 'a:3:{s:6:"_toke...')
#4 D:\www\laravel5.4\vendor\laravel\framework\src\Illuminate\Session\Middleware\StartSession.php(88): Illuminate\Session\Store->save()
#5 D:\www\laravel5.4\vendor\laravel\framework\src\Illuminate\Foundation\Http\Kernel.php(216): Illuminate\Session\Middleware\StartSession->terminate(Object(Illuminate\Http\Request), Object(Illuminate\Http\Response))
#6 D:\www\laravel5.4\vendor\laravel\framework\src\Illuminate\Foundation\Http\Kernel.php(187): Illuminate\Foundation\Http\Kernel->terminateMiddleware(Object(Illuminate\Http\Request), Object(Illuminate\Http\Response))
#7 D:\www\zef_jm\index.php(60): Illuminate\Foundation\Http\Kernel->terminate(Object(Illuminate\Http\Request), Object(Illuminate\Http\Response))
#8 {main}  
[2020-09-26 19:07:13] local.ERROR: ErrorException: file_put_contents(D:\www\zef_jm\storage\framework/sessions/JDNdOA4kLdfYt1QUhDYewZNhtXt2o68xWcQi4YON): failed to open stream: No such file or directory in D:\www\laravel5.4\vendor\laravel\framework\src\Illuminate\Filesystem\Filesystem.php:122
Stack trace:
#0 [internal function]: Illuminate\Foundation\Bootstrap\HandleExceptions->handleError(2, 'file_put_conten...', 'D:\\www\\laravel5...', 122, Array)
#1 D:\www\laravel5.4\vendor\laravel\framework\src\Illuminate\Filesystem\Filesystem.php(122): file_put_contents('D:\\www\\zef_jm\\s...', 'a:3:{s:6:"_toke...', 2)
#2 D:\www\laravel5.4\vendor\laravel\framework\src\Illuminate\Session\FileSessionHandler.php(83): Illuminate\Filesystem\Filesystem->put('D:\\www\\zef_jm\\s...', 'a:3:{s:6:"_toke...', true)
#3 D:\www\laravel5.4\vendor\laravel\framework\src\Illuminate\Session\Store.php(128): Illuminate\Session\FileSessionHandler->write('JDNdOA4kLdfYt1Q...', 'a:3:{s:6:"_toke...')
#4 D:\www\laravel5.4\vendor\laravel\framework\src\Illuminate\Session\Middleware\StartSession.php(88): Illuminate\Session\Store->save()
#5 D:\www\laravel5.4\vendor\laravel\framework\src\Illuminate\Foundation\Http\Kernel.php(216): Illuminate\Session\Middleware\StartSession->terminate(Object(Illuminate\Http\Request), Object(Illuminate\Http\Response))
#6 D:\www\laravel5.4\vendor\laravel\framework\src\Illuminate\Foundation\Http\Kernel.php(187): Illuminate\Foundation\Http\Kernel->terminateMiddleware(Object(Illuminate\Http\Request), Object(Illuminate\Http\Response))
#7 D:\www\zef_jm\index.php(60): Illuminate\Foundation\Http\Kernel->terminate(Object(Illuminate\Http\Request), Object(Illuminate\Http\Response))
#8 {main}  
[2020-09-26 19:07:33] local.ERROR: ErrorException: file_put_contents(D:\www\zef_jm\storage\framework/sessions/F7L3gTuOs8zr1t2hxc3rsVefQLySqvGDe7rwDtlB): failed to open stream: No such file or directory in D:\www\laravel5.4\vendor\laravel\framework\src\Illuminate\Filesystem\Filesystem.php:122
Stack trace:
#0 [internal function]: Illuminate\Foundation\Bootstrap\HandleExceptions->handleError(2, 'file_put_conten...', 'D:\\www\\laravel5...', 122, Array)
#1 D:\www\laravel5.4\vendor\laravel\framework\src\Illuminate\Filesystem\Filesystem.php(122): file_put_contents('D:\\www\\zef_jm\\s...', 'a:3:{s:6:"_toke...', 2)
#2 D:\www\laravel5.4\vendor\laravel\framework\src\Illuminate\Session\FileSessionHandler.php(83): Illuminate\Filesystem\Filesystem->put('D:\\www\\zef_jm\\s...', 'a:3:{s:6:"_toke...', true)
#3 D:\www\laravel5.4\vendor\laravel\framework\src\Illuminate\Session\Store.php(128): Illuminate\Session\FileSessionHandler->write('F7L3gTuOs8zr1t2...', 'a:3:{s:6:"_toke...')
#4 D:\www\laravel5.4\vendor\laravel\framework\src\Illuminate\Session\Middleware\StartSession.php(88): Illuminate\Session\Store->save()
#5 D:\www\laravel5.4\vendor\laravel\framework\src\Illuminate\Foundation\Http\Kernel.php(216): Illuminate\Session\Middleware\StartSession->terminate(Object(Illuminate\Http\Request), Object(Illuminate\Http\Response))
#6 D:\www\laravel5.4\vendor\laravel\framework\src\Illuminate\Foundation\Http\Kernel.php(187): Illuminate\Foundation\Http\Kernel->terminateMiddleware(Object(Illuminate\Http\Request), Object(Illuminate\Http\Response))
#7 D:\www\zef_jm\index.php(60): Illuminate\Foundation\Http\Kernel->terminate(Object(Illuminate\Http\Request), Object(Illuminate\Http\Response))
#8 {main}  
[2020-09-26 19:08:04] local.ERROR: ErrorException: file_put_contents(D:\www\zef_jm\storage\framework/sessions/F7L3gTuOs8zr1t2hxc3rsVefQLySqvGDe7rwDtlB): failed to open stream: No such file or directory in D:\www\laravel5.4\vendor\laravel\framework\src\Illuminate\Filesystem\Filesystem.php:122
Stack trace:
#0 [internal function]: Illuminate\Foundation\Bootstrap\HandleExceptions->handleError(2, 'file_put_conten...', 'D:\\www\\laravel5...', 122, Array)
#1 D:\www\laravel5.4\vendor\laravel\framework\src\Illuminate\Filesystem\Filesystem.php(122): file_put_contents('D:\\www\\zef_jm\\s...', 'a:4:{s:6:"_toke...', 2)
#2 D:\www\laravel5.4\vendor\laravel\framework\src\Illuminate\Session\FileSessionHandler.php(83): Illuminate\Filesystem\Filesystem->put('D:\\www\\zef_jm\\s...', 'a:4:{s:6:"_toke...', true)
#3 D:\www\laravel5.4\vendor\laravel\framework\src\Illuminate\Session\Store.php(128): Illuminate\Session\FileSessionHandler->write('F7L3gTuOs8zr1t2...', 'a:4:{s:6:"_toke...')
#4 D:\www\laravel5.4\vendor\laravel\framework\src\Illuminate\Session\Middleware\StartSession.php(88): Illuminate\Session\Store->save()
#5 D:\www\laravel5.4\vendor\laravel\framework\src\Illuminate\Foundation\Http\Kernel.php(216): Illuminate\Session\Middleware\StartSession->terminate(Object(Illuminate\Http\Request), Object(Illuminate\Http\RedirectResponse))
#6 D:\www\laravel5.4\vendor\laravel\framework\src\Illuminate\Foundation\Http\Kernel.php(187): Illuminate\Foundation\Http\Kernel->terminateMiddleware(Object(Illuminate\Http\Request), Object(Illuminate\Http\RedirectResponse))
#7 D:\www\zef_jm\index.php(60): Illuminate\Foundation\Http\Kernel->terminate(Object(Illuminate\Http\Request), Object(Illuminate\Http\RedirectResponse))
#8 {main}  
[2020-09-26 19:08:05] local.ERROR: ErrorException: file_put_contents(D:\www\zef_jm\storage\framework/sessions/F7L3gTuOs8zr1t2hxc3rsVefQLySqvGDe7rwDtlB): failed to open stream: No such file or directory in D:\www\laravel5.4\vendor\laravel\framework\src\Illuminate\Filesystem\Filesystem.php:122
Stack trace:
#0 [internal function]: Illuminate\Foundation\Bootstrap\HandleExceptions->handleError(2, 'file_put_conten...', 'D:\\www\\laravel5...', 122, Array)
#1 D:\www\laravel5.4\vendor\laravel\framework\src\Illuminate\Filesystem\Filesystem.php(122): file_put_contents('D:\\www\\zef_jm\\s...', 'a:3:{s:6:"_toke...', 2)
#2 D:\www\laravel5.4\vendor\laravel\framework\src\Illuminate\Session\FileSessionHandler.php(83): Illuminate\Filesystem\Filesystem->put('D:\\www\\zef_jm\\s...', 'a:3:{s:6:"_toke...', true)
#3 D:\www\laravel5.4\vendor\laravel\framework\src\Illuminate\Session\Store.php(128): Illuminate\Session\FileSessionHandler->write('F7L3gTuOs8zr1t2...', 'a:3:{s:6:"_toke...')
#4 D:\www\laravel5.4\vendor\laravel\framework\src\Illuminate\Session\Middleware\StartSession.php(88): Illuminate\Session\Store->save()
#5 D:\www\laravel5.4\vendor\laravel\framework\src\Illuminate\Foundation\Http\Kernel.php(216): Illuminate\Session\Middleware\StartSession->terminate(Object(Illuminate\Http\Request), Object(Illuminate\Http\Response))
#6 D:\www\laravel5.4\vendor\laravel\framework\src\Illuminate\Foundation\Http\Kernel.php(187): Illuminate\Foundation\Http\Kernel->terminateMiddleware(Object(Illuminate\Http\Request), Object(Illuminate\Http\Response))
#7 D:\www\zef_jm\index.php(60): Illuminate\Foundation\Http\Kernel->terminate(Object(Illuminate\Http\Request), Object(Illuminate\Http\Response))
#8 {main}  
[2020-09-26 19:35:56] local.ERROR: ErrorException: count(): Parameter must be an array or an object that implements Countable in D:\www\laravel5.4\vendor\guzzlehttp\guzzle\src\Handler\CurlFactory.php:67
Stack trace:
#0 [internal function]: Illuminate\Foundation\Bootstrap\HandleExceptions->handleError(2, 'count(): Parame...', 'D:\\www\\laravel5...', 67, Array)
#1 D:\www\laravel5.4\vendor\guzzlehttp\guzzle\src\Handler\CurlFactory.php(67): count(NULL)
#2 D:\www\laravel5.4\vendor\guzzlehttp\guzzle\src\Handler\CurlFactory.php(107): GuzzleHttp\Handler\CurlFactory->release(Object(GuzzleHttp\Handler\EasyHandle))
#3 D:\www\laravel5.4\vendor\guzzlehttp\guzzle\src\Handler\CurlHandler.php(43): GuzzleHttp\Handler\CurlFactory::finish(Object(GuzzleHttp\Handler\CurlHandler), Object(GuzzleHttp\Handler\EasyHandle), Object(GuzzleHttp\Handler\CurlFactory))
#4 D:\www\laravel5.4\vendor\guzzlehttp\guzzle\src\Handler\Proxy.php(28): GuzzleHttp\Handler\CurlHandler->__invoke(Object(GuzzleHttp\Psr7\Request), Array)
#5 D:\www\laravel5.4\vendor\guzzlehttp\guzzle\src\Handler\Proxy.php(51): GuzzleHttp\Handler\Proxy::GuzzleHttp\Handler\{closure}(Object(GuzzleHttp\Psr7\Request), Array)
#6 D:\www\laravel5.4\vendor\guzzlehttp\guzzle\src\PrepareBodyMiddleware.php(72): GuzzleHttp\Handler\Proxy::GuzzleHttp\Handler\{closure}(Object(GuzzleHttp\Psr7\Request), Array)
#7 D:\www\laravel5.4\vendor\guzzlehttp\guzzle\src\Middleware.php(30): GuzzleHttp\PrepareBodyMiddleware->__invoke(Object(GuzzleHttp\Psr7\Request), Array)
#8 D:\www\laravel5.4\vendor\guzzlehttp\guzzle\src\RedirectMiddleware.php(68): GuzzleHttp\Middleware::GuzzleHttp\{closure}(Object(GuzzleHttp\Psr7\Request), Array)
#9 D:\www\laravel5.4\vendor\guzzlehttp\guzzle\src\Middleware.php(59): GuzzleHttp\RedirectMiddleware->__invoke(Object(GuzzleHttp\Psr7\Request), Array)
#10 D:\www\laravel5.4\vendor\guzzlehttp\guzzle\src\HandlerStack.php(67): GuzzleHttp\Middleware::GuzzleHttp\{closure}(Object(GuzzleHttp\Psr7\Request), Array)
#11 D:\www\laravel5.4\vendor\guzzlehttp\guzzle\src\Client.php(275): GuzzleHttp\HandlerStack->__invoke(Object(GuzzleHttp\Psr7\Request), Array)
#12 D:\www\laravel5.4\vendor\guzzlehttp\guzzle\src\Client.php(123): GuzzleHttp\Client->transfer(Object(GuzzleHttp\Psr7\Request), Array)
#13 D:\www\laravel5.4\vendor\guzzlehttp\guzzle\src\Client.php(129): GuzzleHttp\Client->requestAsync('POST', Object(GuzzleHttp\Psr7\Uri), Array)
#14 D:\www\zef_jm\app\Tools\Sms.php(32): GuzzleHttp\Client->request('POST', 'https://sms.yun...', Array)
#15 D:\www\zef_jm\app\Http\Controllers\HomeController.php(64): App\Tools\Sms->sendSms('13037105660', '\xE9\xAA\x8C\xE8\xAF\x81\xE7\xA0\x81\xEF\xBC\x9A732...')
#16 [internal function]: App\Http\Controllers\HomeController->sendSms(Object(Illuminate\Http\Request))
#17 D:\www\laravel5.4\vendor\addons\core\src\Controllers\Controller.php(20): call_user_func_array(Array, Array)
#18 D:\www\laravel5.4\vendor\laravel\framework\src\Illuminate\Routing\ControllerDispatcher.php(44): Addons\Core\Controllers\Controller->callAction('sendSms', Array)
#19 D:\www\laravel5.4\vendor\laravel\framework\src\Illuminate\Routing\Route.php(203): Illuminate\Routing\ControllerDispatcher->dispatch(Object(Illuminate\Routing\Route), Object(App\Http\Controllers\HomeController), 'sendSms')
#20 D:\www\laravel5.4\vendor\laravel\framework\src\Illuminate\Routing\Route.php(160): Illuminate\Routing\Route->runController()
#21 D:\www\laravel5.4\vendor\laravel\framework\src\Illuminate\Routing\Router.php(574): Illuminate\Routing\Route->run()
#22 D:\www\laravel5.4\vendor\laravel\framework\src\Illuminate\Routing\Pipeline.php(30): Illuminate\Routing\Router->Illuminate\Routing\{closure}(Object(Illuminate\Http\Request))
#23 D:\www\laravel5.4\vendor\laravel\framework\src\Illuminate\Routing\Middleware\SubstituteBindings.php(41): Illuminate\Routing\Pipeline->Illuminate\Routing\{closure}(Object(Illuminate\Http\Request))
#24 D:\www\laravel5.4\vendor\laravel\framework\src\Illuminate\Pipeline\Pipeline.php(148): Illuminate\Routing\Middleware\SubstituteBindings->handle(Object(Illuminate\Http\Request), Object(Closure))
#25 D:\www\laravel5.4\vendor\laravel\framework\src\Illuminate\Routing\Pipeline.php(53): Illuminate\Pipeline\Pipeline->Illuminate\Pipeline\{closure}(Object(Illuminate\Http\Request))
#26 D:\www\laravel5.4\vendor\laravel\framework\src\Illuminate\Foundation\Http\Middleware\VerifyCsrfToken.php(65): Illuminate\Routing\Pipeline->Illuminate\Routing\{closure}(Object(Illuminate\Http\Request))
#27 D:\www\laravel5.4\vendor\laravel\framework\src\Illuminate\Pipeline\Pipeline.php(148): Illuminate\Foundation\Http\Middleware\VerifyCsrfToken->handle(Object(Illuminate\Http\Request), Object(Closure))
#28 D:\www\laravel5.4\vendor\laravel\framework\src\Illuminate\Routing\Pipeline.php(53): Illuminate\Pipeline\Pipeline->Illuminate\Pipeline\{closure}(Object(Illuminate\Http\Request))
#29 D:\www\laravel5.4\vendor\laravel\framework\src\Illuminate\View\Middleware\ShareErrorsFromSession.php(49): Illuminate\Routing\Pipeline->Illuminate\Routing\{closure}(Object(Illuminate\Http\Request))
#30 D:\www\laravel5.4\vendor\laravel\framework\src\Illuminate\Pipeline\Pipeline.php(148): Illuminate\View\Middleware\ShareErrorsFromSession->handle(Object(Illuminate\Http\Request), Object(Closure))
#31 D:\www\laravel5.4\vendor\laravel\framework\src\Illuminate\Routing\Pipeline.php(53): Illuminate\Pipeline\Pipeline->Illuminate\Pipeline\{closure}(Object(Illuminate\Http\Request))
#32 D:\www\laravel5.4\vendor\laravel\framework\src\Illuminate\Session\Middleware\StartSession.php(64): Illuminate\Routing\Pipeline->Illuminate\Routing\{closure}(Object(Illuminate\Http\Request))
#33 D:\www\laravel5.4\vendor\laravel\framework\src\Illuminate\Pipeline\Pipeline.php(148): Illuminate\Session\Middleware\StartSession->handle(Object(Illuminate\Http\Request), Object(Closure))
#34 D:\www\laravel5.4\vendor\laravel\framework\src\Illuminate\Routing\Pipeline.php(53): Illuminate\Pipeline\Pipeline->Illuminate\Pipeline\{closure}(Object(Illuminate\Http\Request))
#35 D:\www\laravel5.4\vendor\laravel\framework\src\Illuminate\Cookie\Middleware\AddQueuedCookiesToResponse.php(37): Illuminate\Routing\Pipeline->Illuminate\Routing\{closure}(Object(Illuminate\Http\Request))
#36 D:\www\laravel5.4\vendor\laravel\framework\src\Illuminate\Pipeline\Pipeline.php(148): Illuminate\Cookie\Middleware\AddQueuedCookiesToResponse->handle(Object(Illuminate\Http\Request), Object(Closure))
#37 D:\www\laravel5.4\vendor\laravel\framework\src\Illuminate\Routing\Pipeline.php(53): Illuminate\Pipeline\Pipeline->Illuminate\Pipeline\{closure}(Object(Illuminate\Http\Request))
#38 D:\www\laravel5.4\vendor\laravel\framework\src\Illuminate\Cookie\Middleware\EncryptCookies.php(59): Illuminate\Routing\Pipeline->Illuminate\Routing\{closure}(Object(Illuminate\Http\Request))
#39 D:\www\laravel5.4\vendor\laravel\framework\src\Illuminate\Pipeline\Pipeline.php(148): Illuminate\Cookie\Middleware\EncryptCookies->handle(Object(Illuminate\Http\Request), Object(Closure))
#40 D:\www\laravel5.4\vendor\laravel\framework\src\Illuminate\Routing\Pipeline.php(53): Illuminate\Pipeline\Pipeline->Illuminate\Pipeline\{closure}(Object(Illuminate\Http\Request))
#41 D:\www\laravel5.4\vendor\addons\core\src\Middleware\NoCache.php(19): Illuminate\Routing\Pipeline->Illuminate\Routing\{closure}(Object(Illuminate\Http\Request))
#42 D:\www\laravel5.4\vendor\laravel\framework\src\Illuminate\Pipeline\Pipeline.php(148): Addons\Core\Middleware\NoCache->handle(Object(Illuminate\Http\Request), Object(Closure))
#43 D:\www\laravel5.4\vendor\laravel\framework\src\Illuminate\Routing\Pipeline.php(53): Illuminate\Pipeline\Pipeline->Illuminate\Pipeline\{closure}(Object(Illuminate\Http\Request))
#44 D:\www\laravel5.4\vendor\laravel\framework\src\Illuminate\Pipeline\Pipeline.php(102): Illuminate\Routing\Pipeline->Illuminate\Routing\{closure}(Object(Illuminate\Http\Request))
#45 D:\www\laravel5.4\vendor\laravel\framework\src\Illuminate\Routing\Router.php(576): Illuminate\Pipeline\Pipeline->then(Object(Closure))
#46 D:\www\laravel5.4\vendor\laravel\framework\src\Illuminate\Routing\Router.php(535): Illuminate\Routing\Router->runRouteWithinStack(Object(Illuminate\Routing\Route), Object(Illuminate\Http\Request))
#47 D:\www\laravel5.4\vendor\laravel\framework\src\Illuminate\Routing\Router.php(513): Illuminate\Routing\Router->dispatchToRoute(Object(Illuminate\Http\Request))
#48 D:\www\laravel5.4\vendor\laravel\framework\src\Illuminate\Foundation\Http\Kernel.php(174): Illuminate\Routing\Router->dispatch(Object(Illuminate\Http\Request))
#49 D:\www\laravel5.4\vendor\laravel\framework\src\Illuminate\Routing\Pipeline.php(30): Illuminate\Foundation\Http\Kernel->Illuminate\Foundation\Http\{closure}(Object(Illuminate\Http\Request))
#50 D:\www\zef_jm\app\Http\Middleware\EnableCrossRequestMiddleware.php(18): Illuminate\Routing\Pipeline->Illuminate\Routing\{closure}(Object(Illuminate\Http\Request))
#51 D:\www\laravel5.4\vendor\laravel\framework\src\Illuminate\Pipeline\Pipeline.php(148): App\Http\Middleware\EnableCrossRequestMiddleware->handle(Object(Illuminate\Http\Request), Object(Closure))
#52 D:\www\laravel5.4\vendor\laravel\framework\src\Illuminate\Routing\Pipeline.php(53): Illuminate\Pipeline\Pipeline->Illuminate\Pipeline\{closure}(Object(Illuminate\Http\Request))
#53 D:\www\laravel5.4\vendor\laravel\framework\src\Illuminate\Foundation\Http\Middleware\TransformsRequest.php(30): Illuminate\Routing\Pipeline->Illuminate\Routing\{closure}(Object(Illuminate\Http\Request))
#54 D:\www\laravel5.4\vendor\laravel\framework\src\Illuminate\Pipeline\Pipeline.php(148): Illuminate\Foundation\Http\Middleware\TransformsRequest->handle(Object(Illuminate\Http\Request), Object(Closure))
#55 D:\www\laravel5.4\vendor\laravel\framework\src\Illuminate\Routing\Pipeline.php(53): Illuminate\Pipeline\Pipeline->Illuminate\Pipeline\{closure}(Object(Illuminate\Http\Request))
#56 D:\www\laravel5.4\vendor\laravel\framework\src\Illuminate\Foundation\Http\Middleware\TransformsRequest.php(30): Illuminate\Routing\Pipeline->Illuminate\Routing\{closure}(Object(Illuminate\Http\Request))
#57 D:\www\laravel5.4\vendor\laravel\framework\src\Illuminate\Pipeline\Pipeline.php(148): Illuminate\Foundation\Http\Middleware\TransformsRequest->handle(Object(Illuminate\Http\Request), Object(Closure))
#58 D:\www\laravel5.4\vendor\laravel\framework\src\Illuminate\Routing\Pipeline.php(53): Illuminate\Pipeline\Pipeline->Illuminate\Pipeline\{closure}(Object(Illuminate\Http\Request))
#59 D:\www\laravel5.4\vendor\laravel\framework\src\Illuminate\Foundation\Http\Middleware\ValidatePostSize.php(27): Illuminate\Routing\Pipeline->Illuminate\Routing\{closure}(Object(Illuminate\Http\Request))
#60 D:\www\laravel5.4\vendor\laravel\framework\src\Illuminate\Pipeline\Pipeline.php(148): Illuminate\Foundation\Http\Middleware\ValidatePostSize->handle(Object(Illuminate\Http\Request), Object(Closure))
#61 D:\www\laravel5.4\vendor\laravel\framework\src\Illuminate\Routing\Pipeline.php(53): Illuminate\Pipeline\Pipeline->Illuminate\Pipeline\{closure}(Object(Illuminate\Http\Request))
#62 D:\www\laravel5.4\vendor\laravel\framework\src\Illuminate\Foundation\Http\Middleware\CheckForMaintenanceMode.php(46): Illuminate\Routing\Pipeline->Illuminate\Routing\{closure}(Object(Illuminate\Http\Request))
#63 D:\www\laravel5.4\vendor\laravel\framework\src\Illuminate\Pipeline\Pipeline.php(148): Illuminate\Foundation\Http\Middleware\CheckForMaintenanceMode->handle(Object(Illuminate\Http\Request), Object(Closure))
#64 D:\www\laravel5.4\vendor\laravel\framework\src\Illuminate\Routing\Pipeline.php(53): Illuminate\Pipeline\Pipeline->Illuminate\Pipeline\{closure}(Object(Illuminate\Http\Request))
#65 D:\www\laravel5.4\vendor\laravel\framework\src\Illuminate\Pipeline\Pipeline.php(102): Illuminate\Routing\Pipeline->Illuminate\Routing\{closure}(Object(Illuminate\Http\Request))
#66 D:\www\laravel5.4\vendor\laravel\framework\src\Illuminate\Foundation\Http\Kernel.php(149): Illuminate\Pipeline\Pipeline->then(Object(Closure))
#67 D:\www\laravel5.4\vendor\laravel\framework\src\Illuminate\Foundation\Http\Kernel.php(116): Illuminate\Foundation\Http\Kernel->sendRequestThroughRouter(Object(Illuminate\Http\Request))
#68 D:\www\zef_jm\index.php(55): Illuminate\Foundation\Http\Kernel->handle(Object(Illuminate\Http\Request))
#69 {main}  
[2020-09-26 19:37:45] local.ERROR: ErrorException: count(): Parameter must be an array or an object that implements Countable in D:\www\laravel5.4\vendor\guzzlehttp\guzzle\src\Handler\CurlFactory.php:67
Stack trace:
#0 [internal function]: Illuminate\Foundation\Bootstrap\HandleExceptions->handleError(2, 'count(): Parame...', 'D:\\www\\laravel5...', 67, Array)
#1 D:\www\laravel5.4\vendor\guzzlehttp\guzzle\src\Handler\CurlFactory.php(67): count(NULL)
#2 D:\www\laravel5.4\vendor\guzzlehttp\guzzle\src\Handler\CurlFactory.php(107): GuzzleHttp\Handler\CurlFactory->release(Object(GuzzleHttp\Handler\EasyHandle))
#3 D:\www\laravel5.4\vendor\guzzlehttp\guzzle\src\Handler\CurlHandler.php(43): GuzzleHttp\Handler\CurlFactory::finish(Object(GuzzleHttp\Handler\CurlHandler), Object(GuzzleHttp\Handler\EasyHandle), Object(GuzzleHttp\Handler\CurlFactory))
#4 D:\www\laravel5.4\vendor\guzzlehttp\guzzle\src\Handler\Proxy.php(28): GuzzleHttp\Handler\CurlHandler->__invoke(Object(GuzzleHttp\Psr7\Request), Array)
#5 D:\www\laravel5.4\vendor\guzzlehttp\guzzle\src\Handler\Proxy.php(51): GuzzleHttp\Handler\Proxy::GuzzleHttp\Handler\{closure}(Object(GuzzleHttp\Psr7\Request), Array)
#6 D:\www\laravel5.4\vendor\guzzlehttp\guzzle\src\PrepareBodyMiddleware.php(72): GuzzleHttp\Handler\Proxy::GuzzleHttp\Handler\{closure}(Object(GuzzleHttp\Psr7\Request), Array)
#7 D:\www\laravel5.4\vendor\guzzlehttp\guzzle\src\Middleware.php(30): GuzzleHttp\PrepareBodyMiddleware->__invoke(Object(GuzzleHttp\Psr7\Request), Array)
#8 D:\www\laravel5.4\vendor\guzzlehttp\guzzle\src\RedirectMiddleware.php(68): GuzzleHttp\Middleware::GuzzleHttp\{closure}(Object(GuzzleHttp\Psr7\Request), Array)
#9 D:\www\laravel5.4\vendor\guzzlehttp\guzzle\src\Middleware.php(59): GuzzleHttp\RedirectMiddleware->__invoke(Object(GuzzleHttp\Psr7\Request), Array)
#10 D:\www\laravel5.4\vendor\guzzlehttp\guzzle\src\HandlerStack.php(67): GuzzleHttp\Middleware::GuzzleHttp\{closure}(Object(GuzzleHttp\Psr7\Request), Array)
#11 D:\www\laravel5.4\vendor\guzzlehttp\guzzle\src\Client.php(275): GuzzleHttp\HandlerStack->__invoke(Object(GuzzleHttp\Psr7\Request), Array)
#12 D:\www\laravel5.4\vendor\guzzlehttp\guzzle\src\Client.php(123): GuzzleHttp\Client->transfer(Object(GuzzleHttp\Psr7\Request), Array)
#13 D:\www\laravel5.4\vendor\guzzlehttp\guzzle\src\Client.php(129): GuzzleHttp\Client->requestAsync('POST', Object(GuzzleHttp\Psr7\Uri), Array)
#14 D:\www\zef_jm\app\Tools\Sms.php(32): GuzzleHttp\Client->request('POST', 'https://sms.yun...', Array)
#15 D:\www\zef_jm\app\Http\Controllers\HomeController.php(64): App\Tools\Sms->sendSms('13037105660', '\xE9\xAA\x8C\xE8\xAF\x81\xE7\xA0\x81\xEF\xBC\x9A416...')
#16 [internal function]: App\Http\Controllers\HomeController->sendSms(Object(Illuminate\Http\Request))
#17 D:\www\laravel5.4\vendor\addons\core\src\Controllers\Controller.php(20): call_user_func_array(Array, Array)
#18 D:\www\laravel5.4\vendor\laravel\framework\src\Illuminate\Routing\ControllerDispatcher.php(44): Addons\Core\Controllers\Controller->callAction('sendSms', Array)
#19 D:\www\laravel5.4\vendor\laravel\framework\src\Illuminate\Routing\Route.php(203): Illuminate\Routing\ControllerDispatcher->dispatch(Object(Illuminate\Routing\Route), Object(App\Http\Controllers\HomeController), 'sendSms')
#20 D:\www\laravel5.4\vendor\laravel\framework\src\Illuminate\Routing\Route.php(160): Illuminate\Routing\Route->runController()
#21 D:\www\laravel5.4\vendor\laravel\framework\src\Illuminate\Routing\Router.php(574): Illuminate\Routing\Route->run()
#22 D:\www\laravel5.4\vendor\laravel\framework\src\Illuminate\Routing\Pipeline.php(30): Illuminate\Routing\Router->Illuminate\Routing\{closure}(Object(Illuminate\Http\Request))
#23 D:\www\laravel5.4\vendor\laravel\framework\src\Illuminate\Routing\Middleware\SubstituteBindings.php(41): Illuminate\Routing\Pipeline->Illuminate\Routing\{closure}(Object(Illuminate\Http\Request))
#24 D:\www\laravel5.4\vendor\laravel\framework\src\Illuminate\Pipeline\Pipeline.php(148): Illuminate\Routing\Middleware\SubstituteBindings->handle(Object(Illuminate\Http\Request), Object(Closure))
#25 D:\www\laravel5.4\vendor\laravel\framework\src\Illuminate\Routing\Pipeline.php(53): Illuminate\Pipeline\Pipeline->Illuminate\Pipeline\{closure}(Object(Illuminate\Http\Request))
#26 D:\www\laravel5.4\vendor\laravel\framework\src\Illuminate\Foundation\Http\Middleware\VerifyCsrfToken.php(65): Illuminate\Routing\Pipeline->Illuminate\Routing\{closure}(Object(Illuminate\Http\Request))
#27 D:\www\laravel5.4\vendor\laravel\framework\src\Illuminate\Pipeline\Pipeline.php(148): Illuminate\Foundation\Http\Middleware\VerifyCsrfToken->handle(Object(Illuminate\Http\Request), Object(Closure))
#28 D:\www\laravel5.4\vendor\laravel\framework\src\Illuminate\Routing\Pipeline.php(53): Illuminate\Pipeline\Pipeline->Illuminate\Pipeline\{closure}(Object(Illuminate\Http\Request))
#29 D:\www\laravel5.4\vendor\laravel\framework\src\Illuminate\View\Middleware\ShareErrorsFromSession.php(49): Illuminate\Routing\Pipeline->Illuminate\Routing\{closure}(Object(Illuminate\Http\Request))
#30 D:\www\laravel5.4\vendor\laravel\framework\src\Illuminate\Pipeline\Pipeline.php(148): Illuminate\View\Middleware\ShareErrorsFromSession->handle(Object(Illuminate\Http\Request), Object(Closure))
#31 D:\www\laravel5.4\vendor\laravel\framework\src\Illuminate\Routing\Pipeline.php(53): Illuminate\Pipeline\Pipeline->Illuminate\Pipeline\{closure}(Object(Illuminate\Http\Request))
#32 D:\www\laravel5.4\vendor\laravel\framework\src\Illuminate\Session\Middleware\StartSession.php(64): Illuminate\Routing\Pipeline->Illuminate\Routing\{closure}(Object(Illuminate\Http\Request))
#33 D:\www\laravel5.4\vendor\laravel\framework\src\Illuminate\Pipeline\Pipeline.php(148): Illuminate\Session\Middleware\StartSession->handle(Object(Illuminate\Http\Request), Object(Closure))
#34 D:\www\laravel5.4\vendor\laravel\framework\src\Illuminate\Routing\Pipeline.php(53): Illuminate\Pipeline\Pipeline->Illuminate\Pipeline\{closure}(Object(Illuminate\Http\Request))
#35 D:\www\laravel5.4\vendor\laravel\framework\src\Illuminate\Cookie\Middleware\AddQueuedCookiesToResponse.php(37): Illuminate\Routing\Pipeline->Illuminate\Routing\{closure}(Object(Illuminate\Http\Request))
#36 D:\www\laravel5.4\vendor\laravel\framework\src\Illuminate\Pipeline\Pipeline.php(148): Illuminate\Cookie\Middleware\AddQueuedCookiesToResponse->handle(Object(Illuminate\Http\Request), Object(Closure))
#37 D:\www\laravel5.4\vendor\laravel\framework\src\Illuminate\Routing\Pipeline.php(53): Illuminate\Pipeline\Pipeline->Illuminate\Pipeline\{closure}(Object(Illuminate\Http\Request))
#38 D:\www\laravel5.4\vendor\laravel\framework\src\Illuminate\Cookie\Middleware\EncryptCookies.php(59): Illuminate\Routing\Pipeline->Illuminate\Routing\{closure}(Object(Illuminate\Http\Request))
#39 D:\www\laravel5.4\vendor\laravel\framework\src\Illuminate\Pipeline\Pipeline.php(148): Illuminate\Cookie\Middleware\EncryptCookies->handle(Object(Illuminate\Http\Request), Object(Closure))
#40 D:\www\laravel5.4\vendor\laravel\framework\src\Illuminate\Routing\Pipeline.php(53): Illuminate\Pipeline\Pipeline->Illuminate\Pipeline\{closure}(Object(Illuminate\Http\Request))
#41 D:\www\laravel5.4\vendor\addons\core\src\Middleware\NoCache.php(19): Illuminate\Routing\Pipeline->Illuminate\Routing\{closure}(Object(Illuminate\Http\Request))
#42 D:\www\laravel5.4\vendor\laravel\framework\src\Illuminate\Pipeline\Pipeline.php(148): Addons\Core\Middleware\NoCache->handle(Object(Illuminate\Http\Request), Object(Closure))
#43 D:\www\laravel5.4\vendor\laravel\framework\src\Illuminate\Routing\Pipeline.php(53): Illuminate\Pipeline\Pipeline->Illuminate\Pipeline\{closure}(Object(Illuminate\Http\Request))
#44 D:\www\laravel5.4\vendor\laravel\framework\src\Illuminate\Pipeline\Pipeline.php(102): Illuminate\Routing\Pipeline->Illuminate\Routing\{closure}(Object(Illuminate\Http\Request))
#45 D:\www\laravel5.4\vendor\laravel\framework\src\Illuminate\Routing\Router.php(576): Illuminate\Pipeline\Pipeline->then(Object(Closure))
#46 D:\www\laravel5.4\vendor\laravel\framework\src\Illuminate\Routing\Router.php(535): Illuminate\Routing\Router->runRouteWithinStack(Object(Illuminate\Routing\Route), Object(Illuminate\Http\Request))
#47 D:\www\laravel5.4\vendor\laravel\framework\src\Illuminate\Routing\Router.php(513): Illuminate\Routing\Router->dispatchToRoute(Object(Illuminate\Http\Request))
#48 D:\www\laravel5.4\vendor\laravel\framework\src\Illuminate\Foundation\Http\Kernel.php(174): Illuminate\Routing\Router->dispatch(Object(Illuminate\Http\Request))
#49 D:\www\laravel5.4\vendor\laravel\framework\src\Illuminate\Routing\Pipeline.php(30): Illuminate\Foundation\Http\Kernel->Illuminate\Foundation\Http\{closure}(Object(Illuminate\Http\Request))
#50 D:\www\zef_jm\app\Http\Middleware\EnableCrossRequestMiddleware.php(18): Illuminate\Routing\Pipeline->Illuminate\Routing\{closure}(Object(Illuminate\Http\Request))
#51 D:\www\laravel5.4\vendor\laravel\framework\src\Illuminate\Pipeline\Pipeline.php(148): App\Http\Middleware\EnableCrossRequestMiddleware->handle(Object(Illuminate\Http\Request), Object(Closure))
#52 D:\www\laravel5.4\vendor\laravel\framework\src\Illuminate\Routing\Pipeline.php(53): Illuminate\Pipeline\Pipeline->Illuminate\Pipeline\{closure}(Object(Illuminate\Http\Request))
#53 D:\www\laravel5.4\vendor\laravel\framework\src\Illuminate\Foundation\Http\Middleware\TransformsRequest.php(30): Illuminate\Routing\Pipeline->Illuminate\Routing\{closure}(Object(Illuminate\Http\Request))
#54 D:\www\laravel5.4\vendor\laravel\framework\src\Illuminate\Pipeline\Pipeline.php(148): Illuminate\Foundation\Http\Middleware\TransformsRequest->handle(Object(Illuminate\Http\Request), Object(Closure))
#55 D:\www\laravel5.4\vendor\laravel\framework\src\Illuminate\Routing\Pipeline.php(53): Illuminate\Pipeline\Pipeline->Illuminate\Pipeline\{closure}(Object(Illuminate\Http\Request))
#56 D:\www\laravel5.4\vendor\laravel\framework\src\Illuminate\Foundation\Http\Middleware\TransformsRequest.php(30): Illuminate\Routing\Pipeline->Illuminate\Routing\{closure}(Object(Illuminate\Http\Request))
#57 D:\www\laravel5.4\vendor\laravel\framework\src\Illuminate\Pipeline\Pipeline.php(148): Illuminate\Foundation\Http\Middleware\TransformsRequest->handle(Object(Illuminate\Http\Request), Object(Closure))
#58 D:\www\laravel5.4\vendor\laravel\framework\src\Illuminate\Routing\Pipeline.php(53): Illuminate\Pipeline\Pipeline->Illuminate\Pipeline\{closure}(Object(Illuminate\Http\Request))
#59 D:\www\laravel5.4\vendor\laravel\framework\src\Illuminate\Foundation\Http\Middleware\ValidatePostSize.php(27): Illuminate\Routing\Pipeline->Illuminate\Routing\{closure}(Object(Illuminate\Http\Request))
#60 D:\www\laravel5.4\vendor\laravel\framework\src\Illuminate\Pipeline\Pipeline.php(148): Illuminate\Foundation\Http\Middleware\ValidatePostSize->handle(Object(Illuminate\Http\Request), Object(Closure))
#61 D:\www\laravel5.4\vendor\laravel\framework\src\Illuminate\Routing\Pipeline.php(53): Illuminate\Pipeline\Pipeline->Illuminate\Pipeline\{closure}(Object(Illuminate\Http\Request))
#62 D:\www\laravel5.4\vendor\laravel\framework\src\Illuminate\Foundation\Http\Middleware\CheckForMaintenanceMode.php(46): Illuminate\Routing\Pipeline->Illuminate\Routing\{closure}(Object(Illuminate\Http\Request))
#63 D:\www\laravel5.4\vendor\laravel\framework\src\Illuminate\Pipeline\Pipeline.php(148): Illuminate\Foundation\Http\Middleware\CheckForMaintenanceMode->handle(Object(Illuminate\Http\Request), Object(Closure))
#64 D:\www\laravel5.4\vendor\laravel\framework\src\Illuminate\Routing\Pipeline.php(53): Illuminate\Pipeline\Pipeline->Illuminate\Pipeline\{closure}(Object(Illuminate\Http\Request))
#65 D:\www\laravel5.4\vendor\laravel\framework\src\Illuminate\Pipeline\Pipeline.php(102): Illuminate\Routing\Pipeline->Illuminate\Routing\{closure}(Object(Illuminate\Http\Request))
#66 D:\www\laravel5.4\vendor\laravel\framework\src\Illuminate\Foundation\Http\Kernel.php(149): Illuminate\Pipeline\Pipeline->then(Object(Closure))
#67 D:\www\laravel5.4\vendor\laravel\framework\src\Illuminate\Foundation\Http\Kernel.php(116): Illuminate\Foundation\Http\Kernel->sendRequestThroughRouter(Object(Illuminate\Http\Request))
#68 D:\www\zef_jm\index.php(55): Illuminate\Foundation\Http\Kernel->handle(Object(Illuminate\Http\Request))
#69 {main}  
